<?xml version="1.0" encoding="UTF-8"?>
<testsuite xmlns:xsi="http://www.w3.org/2001/XMLSchema-instance" xsi:noNamespaceSchemaLocation="https://maven.apache.org/surefire/maven-surefire-plugin/xsd/surefire-test-report-3.0.xsd" version="3.0" name="fr.dawan.calculator.CalculatorTest" time="0.063" tests="4" errors="0" skipped="0" failures="0">
  <properties>
[...]
</properties>
  <testcase name="testSum" classname="fr.dawan.calculator.CalculatorTest" time="0.029"/>
  <testcase name="testSubstract" classname="fr.dawan.calculator.CalculatorTest" time="0.001"/>
  <testcase name="testDivide" classname="fr.dawan.calculator.CalculatorTest" time="0.002"/>
  <testcase name="testMultiply" classname="fr.dawan.calculator.CalculatorTest" time="0.001"/>
</testsuite>